{"/Users/rezapoursafa/Documents/Coding/OSD600/Week9/StaticSiteGenerator/index.js": {"path":"/Users/rezapoursafa/Documents/Coding/OSD600/Week9/StaticSiteGenerator/index.js","statementMap":{"0":{"start":{"line":3,"column":11},"end":{"line":3,"column":24}},"1":{"start":{"line":4,"column":13},"end":{"line":4,"column":28}},"2":{"start":{"line":5,"column":20},"end":{"line":5,"column":40}},"3":{"start":{"line":6,"column":17},"end":{"line":6,"column":36}},"4":{"start":{"line":8,"column":0},"end":{"line":8,"column":51}},"5":{"start":{"line":9,"column":0},"end":{"line":12,"column":53}},"6":{"start":{"line":14,"column":0},"end":{"line":14,"column":28}},"7":{"start":{"line":15,"column":16},"end":{"line":15,"column":30}},"8":{"start":{"line":17,"column":0},"end":{"line":36,"column":1}},"9":{"start":{"line":18,"column":2},"end":{"line":35,"column":3}},"10":{"start":{"line":19,"column":16},"end":{"line":19,"column":44}},"11":{"start":{"line":20,"column":17},"end":{"line":20,"column":31}},"12":{"start":{"line":21,"column":16},"end":{"line":21,"column":35}},"13":{"start":{"line":22,"column":17},"end":{"line":22,"column":40}},"14":{"start":{"line":24,"column":4},"end":{"line":32,"column":5}},"15":{"start":{"line":26,"column":6},"end":{"line":26,"column":29}},"16":{"start":{"line":27,"column":11},"end":{"line":32,"column":5}},"17":{"start":{"line":28,"column":6},"end":{"line":28,"column":28}},"18":{"start":{"line":29,"column":11},"end":{"line":32,"column":5}},"19":{"start":{"line":30,"column":19},"end":{"line":30,"column":50}},"20":{"start":{"line":31,"column":6},"end":{"line":31,"column":24}},"21":{"start":{"line":34,"column":4},"end":{"line":34,"column":38}},"22":{"start":{"line":39,"column":2},"end":{"line":52,"column":3}},"23":{"start":{"line":42,"column":19},"end":{"line":42,"column":27}},"24":{"start":{"line":43,"column":15},"end":{"line":46,"column":5}},"25":{"start":{"line":49,"column":4},"end":{"line":51,"column":17}},"26":{"start":{"line":50,"column":6},"end":{"line":50,"column":43}},"27":{"start":{"line":51,"column":9},"end":{"line":51,"column":17}},"28":{"start":{"line":53,"column":15},"end":{"line":53,"column":38}},"29":{"start":{"line":54,"column":19},"end":{"line":54,"column":34}},"30":{"start":{"line":56,"column":2},"end":{"line":60,"column":3}},"31":{"start":{"line":57,"column":4},"end":{"line":57,"column":71}},"32":{"start":{"line":59,"column":4},"end":{"line":59,"column":70}},"33":{"start":{"line":64,"column":2},"end":{"line":72,"column":5}},"34":{"start":{"line":65,"column":4},"end":{"line":65,"column":23}},"35":{"start":{"line":65,"column":13},"end":{"line":65,"column":23}},"36":{"start":{"line":67,"column":4},"end":{"line":71,"column":5}},"37":{"start":{"line":68,"column":6},"end":{"line":70,"column":9}},"38":{"start":{"line":69,"column":8},"end":{"line":69,"column":27}},"39":{"start":{"line":69,"column":17},"end":{"line":69,"column":27}},"40":{"start":{"line":76,"column":2},"end":{"line":77,"column":20}},"41":{"start":{"line":76,"column":38},"end":{"line":76,"column":50}},"42":{"start":{"line":77,"column":7},"end":{"line":77,"column":20}},"43":{"start":{"line":84,"column":21},"end":{"line":84,"column":33}},"44":{"start":{"line":86,"column":2},"end":{"line":110,"column":3}},"45":{"start":{"line":87,"column":4},"end":{"line":106,"column":5}},"46":{"start":{"line":89,"column":6},"end":{"line":89,"column":37}},"47":{"start":{"line":91,"column":22},"end":{"line":91,"column":41}},"48":{"start":{"line":92,"column":6},"end":{"line":103,"column":7}},"49":{"start":{"line":93,"column":26},"end":{"line":93,"column":38}},"50":{"start":{"line":94,"column":8},"end":{"line":94,"column":34}},"51":{"start":{"line":95,"column":8},"end":{"line":95,"column":21}},"52":{"start":{"line":97,"column":8},"end":{"line":97,"column":63}},"53":{"start":{"line":98,"column":13},"end":{"line":103,"column":7}},"54":{"start":{"line":99,"column":26},"end":{"line":99,"column":32}},"55":{"start":{"line":100,"column":8},"end":{"line":100,"column":34}},"56":{"start":{"line":101,"column":8},"end":{"line":101,"column":21}},"57":{"start":{"line":102,"column":8},"end":{"line":102,"column":63}},"58":{"start":{"line":105,"column":6},"end":{"line":105,"column":40}},"59":{"start":{"line":109,"column":4},"end":{"line":109,"column":27}},"60":{"start":{"line":112,"column":19},"end":{"line":112,"column":24}},"61":{"start":{"line":113,"column":4},"end":{"line":113,"column":43}},"62":{"start":{"line":119,"column":2},"end":{"line":154,"column":3}},"63":{"start":{"line":120,"column":23},"end":{"line":120,"column":35}},"64":{"start":{"line":123,"column":4},"end":{"line":123,"column":35}},"65":{"start":{"line":129,"column":16},"end":{"line":129,"column":55}},"66":{"start":{"line":130,"column":4},"end":{"line":149,"column":7}},"67":{"start":{"line":133,"column":6},"end":{"line":148,"column":7}},"68":{"start":{"line":136,"column":8},"end":{"line":136,"column":47}},"69":{"start":{"line":137,"column":13},"end":{"line":148,"column":7}},"70":{"start":{"line":138,"column":27},"end":{"line":138,"column":39}},"71":{"start":{"line":139,"column":25},"end":{"line":139,"column":67}},"72":{"start":{"line":140,"column":33},"end":{"line":140,"column":58}},"73":{"start":{"line":142,"column":8},"end":{"line":145,"column":10}},"74":{"start":{"line":147,"column":8},"end":{"line":147,"column":47}},"75":{"start":{"line":151,"column":4},"end":{"line":151,"column":17}},"76":{"start":{"line":153,"column":4},"end":{"line":153,"column":36}},"77":{"start":{"line":158,"column":17},"end":{"line":158,"column":59}},"78":{"start":{"line":160,"column":27},"end":{"line":160,"column":52}},"79":{"start":{"line":161,"column":2},"end":{"line":164,"column":4}},"80":{"start":{"line":165,"column":2},"end":{"line":165,"column":43}},"81":{"start":{"line":169,"column":2},"end":{"line":181,"column":5}},"82":{"start":{"line":170,"column":4},"end":{"line":171,"column":61}},"83":{"start":{"line":170,"column":13},"end":{"line":170,"column":23}},"84":{"start":{"line":171,"column":9},"end":{"line":171,"column":61}},"85":{"start":{"line":174,"column":4},"end":{"line":180,"column":6}},"86":{"start":{"line":178,"column":8},"end":{"line":178,"column":27}},"87":{"start":{"line":178,"column":17},"end":{"line":178,"column":27}},"88":{"start":{"line":185,"column":2},"end":{"line":191,"column":3}},"89":{"start":{"line":186,"column":4},"end":{"line":188,"column":5}},"90":{"start":{"line":187,"column":6},"end":{"line":187,"column":31}},"91":{"start":{"line":190,"column":4},"end":{"line":190,"column":23}},"92":{"start":{"line":194,"column":14},"end":{"line":194,"column":18}},"93":{"start":{"line":195,"column":19},"end":{"line":212,"column":1}},"94":{"start":{"line":196,"column":2},"end":{"line":209,"column":5}},"95":{"start":{"line":197,"column":4},"end":{"line":208,"column":5}},"96":{"start":{"line":199,"column":6},"end":{"line":199,"column":25}},"97":{"start":{"line":202,"column":6},"end":{"line":207,"column":7}},"98":{"start":{"line":204,"column":8},"end":{"line":204,"column":23}},"99":{"start":{"line":206,"column":8},"end":{"line":206,"column":24}},"100":{"start":{"line":211,"column":2},"end":{"line":211,"column":17}},"101":{"start":{"line":215,"column":2},"end":{"line":215,"column":34}},"102":{"start":{"line":216,"column":2},"end":{"line":216,"column":37}},"103":{"start":{"line":220,"column":0},"end":{"line":229,"column":2}}},"fnMap":{"0":{"name":"parseJSON","decl":{"start":{"line":38,"column":9},"end":{"line":38,"column":18}},"loc":{"start":{"line":38,"column":29},"end":{"line":61,"column":1}},"line":38},"1":{"name":"emptyDirectory","decl":{"start":{"line":63,"column":9},"end":{"line":63,"column":23}},"loc":{"start":{"line":63,"column":35},"end":{"line":73,"column":1}},"line":63},"2":{"name":"(anonymous_2)","decl":{"start":{"line":64,"column":24},"end":{"line":64,"column":25}},"loc":{"start":{"line":64,"column":40},"end":{"line":72,"column":3}},"line":64},"3":{"name":"(anonymous_3)","decl":{"start":{"line":68,"column":44},"end":{"line":68,"column":45}},"loc":{"start":{"line":68,"column":53},"end":{"line":70,"column":7}},"line":68},"4":{"name":"isJSON","decl":{"start":{"line":75,"column":9},"end":{"line":75,"column":15}},"loc":{"start":{"line":75,"column":23},"end":{"line":78,"column":1}},"line":75},"5":{"name":"generateHTMLFromFile","decl":{"start":{"line":80,"column":9},"end":{"line":80,"column":29}},"loc":{"start":{"line":83,"column":2},"end":{"line":115,"column":1}},"line":83},"6":{"name":"createHTML","decl":{"start":{"line":111,"column":11},"end":{"line":111,"column":21}},"loc":{"start":{"line":111,"column":24},"end":{"line":114,"column":3}},"line":111},"7":{"name":"generateHTMLFromDir","decl":{"start":{"line":117,"column":9},"end":{"line":117,"column":28}},"loc":{"start":{"line":117,"column":77},"end":{"line":155,"column":1}},"line":117},"8":{"name":"(anonymous_8)","decl":{"start":{"line":130,"column":18},"end":{"line":130,"column":19}},"loc":{"start":{"line":130,"column":32},"end":{"line":149,"column":5}},"line":130},"9":{"name":"appendTextInHTML","decl":{"start":{"line":157,"column":9},"end":{"line":157,"column":25}},"loc":{"start":{"line":157,"column":48},"end":{"line":166,"column":1}},"line":157},"10":{"name":"readText","decl":{"start":{"line":168,"column":9},"end":{"line":168,"column":17}},"loc":{"start":{"line":168,"column":50},"end":{"line":182,"column":1}},"line":168},"11":{"name":"(anonymous_11)","decl":{"start":{"line":169,"column":57},"end":{"line":169,"column":58}},"loc":{"start":{"line":169,"column":78},"end":{"line":181,"column":3}},"line":169},"12":{"name":"(anonymous_12)","decl":{"start":{"line":177,"column":6},"end":{"line":177,"column":7}},"loc":{"start":{"line":177,"column":21},"end":{"line":179,"column":7}},"line":177},"13":{"name":"createOutputFolder","decl":{"start":{"line":184,"column":9},"end":{"line":184,"column":27}},"loc":{"start":{"line":184,"column":40},"end":{"line":192,"column":1}},"line":184},"14":{"name":"(anonymous_14)","decl":{"start":{"line":195,"column":19},"end":{"line":195,"column":20}},"loc":{"start":{"line":195,"column":35},"end":{"line":212,"column":1}},"line":195},"15":{"name":"(anonymous_15)","decl":{"start":{"line":196,"column":25},"end":{"line":196,"column":26}},"loc":{"start":{"line":196,"column":47},"end":{"line":209,"column":3}},"line":196},"16":{"name":"successMsg","decl":{"start":{"line":214,"column":9},"end":{"line":214,"column":19}},"loc":{"start":{"line":214,"column":22},"end":{"line":217,"column":1}},"line":214}},"branchMap":{"0":{"loc":{"start":{"line":17,"column":0},"end":{"line":36,"column":1}},"type":"if","locations":[{"start":{"line":17,"column":0},"end":{"line":36,"column":1}},{"start":{},"end":{}}],"line":17},"1":{"loc":{"start":{"line":17,"column":4},"end":{"line":17,"column":35}},"type":"binary-expr","locations":[{"start":{"line":17,"column":4},"end":{"line":17,"column":17}},{"start":{"line":17,"column":21},"end":{"line":17,"column":35}}],"line":17},"2":{"loc":{"start":{"line":18,"column":2},"end":{"line":35,"column":3}},"type":"if","locations":[{"start":{"line":18,"column":2},"end":{"line":35,"column":3}},{"start":{"line":33,"column":9},"end":{"line":35,"column":3}}],"line":18},"3":{"loc":{"start":{"line":24,"column":4},"end":{"line":32,"column":5}},"type":"if","locations":[{"start":{"line":24,"column":4},"end":{"line":32,"column":5}},{"start":{"line":27,"column":11},"end":{"line":32,"column":5}}],"line":24},"4":{"loc":{"start":{"line":24,"column":8},"end":{"line":24,"column":25}},"type":"binary-expr","locations":[{"start":{"line":24,"column":8},"end":{"line":24,"column":14}},{"start":{"line":24,"column":18},"end":{"line":24,"column":25}}],"line":24},"5":{"loc":{"start":{"line":27,"column":11},"end":{"line":32,"column":5}},"type":"if","locations":[{"start":{"line":27,"column":11},"end":{"line":32,"column":5}},{"start":{"line":29,"column":11},"end":{"line":32,"column":5}}],"line":27},"6":{"loc":{"start":{"line":29,"column":11},"end":{"line":32,"column":5}},"type":"if","locations":[{"start":{"line":29,"column":11},"end":{"line":32,"column":5}},{"start":{},"end":{}}],"line":29},"7":{"loc":{"start":{"line":44,"column":13},"end":{"line":44,"column":43}},"type":"binary-expr","locations":[{"start":{"line":44,"column":13},"end":{"line":44,"column":25}},{"start":{"line":44,"column":29},"end":{"line":44,"column":43}}],"line":44},"8":{"loc":{"start":{"line":45,"column":20},"end":{"line":45,"column":45}},"type":"binary-expr","locations":[{"start":{"line":45,"column":20},"end":{"line":45,"column":33}},{"start":{"line":45,"column":37},"end":{"line":45,"column":45}}],"line":45},"9":{"loc":{"start":{"line":49,"column":4},"end":{"line":51,"column":17}},"type":"if","locations":[{"start":{"line":49,"column":4},"end":{"line":51,"column":17}},{"start":{"line":51,"column":9},"end":{"line":51,"column":17}}],"line":49},"10":{"loc":{"start":{"line":49,"column":8},"end":{"line":49,"column":59}},"type":"binary-expr","locations":[{"start":{"line":49,"column":8},"end":{"line":49,"column":26}},{"start":{"line":49,"column":30},"end":{"line":49,"column":59}}],"line":49},"11":{"loc":{"start":{"line":56,"column":2},"end":{"line":60,"column":3}},"type":"if","locations":[{"start":{"line":56,"column":2},"end":{"line":60,"column":3}},{"start":{"line":58,"column":9},"end":{"line":60,"column":3}}],"line":56},"12":{"loc":{"start":{"line":65,"column":4},"end":{"line":65,"column":23}},"type":"if","locations":[{"start":{"line":65,"column":4},"end":{"line":65,"column":23}},{"start":{},"end":{}}],"line":65},"13":{"loc":{"start":{"line":69,"column":8},"end":{"line":69,"column":27}},"type":"if","locations":[{"start":{"line":69,"column":8},"end":{"line":69,"column":27}},{"start":{},"end":{}}],"line":69},"14":{"loc":{"start":{"line":76,"column":2},"end":{"line":77,"column":20}},"type":"if","locations":[{"start":{"line":76,"column":2},"end":{"line":77,"column":20}},{"start":{"line":77,"column":7},"end":{"line":77,"column":20}}],"line":76},"15":{"loc":{"start":{"line":81,"column":2},"end":{"line":81,"column":25}},"type":"default-arg","locations":[{"start":{"line":81,"column":10},"end":{"line":81,"column":25}}],"line":81},"16":{"loc":{"start":{"line":82,"column":2},"end":{"line":82,"column":25}},"type":"default-arg","locations":[{"start":{"line":82,"column":17},"end":{"line":82,"column":25}}],"line":82},"17":{"loc":{"start":{"line":87,"column":4},"end":{"line":106,"column":5}},"type":"if","locations":[{"start":{"line":87,"column":4},"end":{"line":106,"column":5}},{"start":{"line":104,"column":11},"end":{"line":106,"column":5}}],"line":87},"18":{"loc":{"start":{"line":92,"column":6},"end":{"line":103,"column":7}},"type":"if","locations":[{"start":{"line":92,"column":6},"end":{"line":103,"column":7}},{"start":{"line":98,"column":13},"end":{"line":103,"column":7}}],"line":92},"19":{"loc":{"start":{"line":98,"column":13},"end":{"line":103,"column":7}},"type":"if","locations":[{"start":{"line":98,"column":13},"end":{"line":103,"column":7}},{"start":{},"end":{}}],"line":98},"20":{"loc":{"start":{"line":117,"column":29},"end":{"line":117,"column":52}},"type":"default-arg","locations":[{"start":{"line":117,"column":37},"end":{"line":117,"column":52}}],"line":117},"21":{"loc":{"start":{"line":117,"column":54},"end":{"line":117,"column":75}},"type":"default-arg","locations":[{"start":{"line":117,"column":69},"end":{"line":117,"column":75}}],"line":117},"22":{"loc":{"start":{"line":119,"column":2},"end":{"line":154,"column":3}},"type":"if","locations":[{"start":{"line":119,"column":2},"end":{"line":154,"column":3}},{"start":{"line":152,"column":9},"end":{"line":154,"column":3}}],"line":119},"23":{"loc":{"start":{"line":133,"column":6},"end":{"line":148,"column":7}},"type":"if","locations":[{"start":{"line":133,"column":6},"end":{"line":148,"column":7}},{"start":{"line":137,"column":13},"end":{"line":148,"column":7}}],"line":133},"24":{"loc":{"start":{"line":137,"column":13},"end":{"line":148,"column":7}},"type":"if","locations":[{"start":{"line":137,"column":13},"end":{"line":148,"column":7}},{"start":{},"end":{}}],"line":137},"25":{"loc":{"start":{"line":170,"column":4},"end":{"line":171,"column":61}},"type":"if","locations":[{"start":{"line":170,"column":4},"end":{"line":171,"column":61}},{"start":{"line":171,"column":9},"end":{"line":171,"column":61}}],"line":170},"26":{"loc":{"start":{"line":178,"column":8},"end":{"line":178,"column":27}},"type":"if","locations":[{"start":{"line":178,"column":8},"end":{"line":178,"column":27}},{"start":{},"end":{}}],"line":178},"27":{"loc":{"start":{"line":186,"column":4},"end":{"line":188,"column":5}},"type":"if","locations":[{"start":{"line":186,"column":4},"end":{"line":188,"column":5}},{"start":{},"end":{}}],"line":186},"28":{"loc":{"start":{"line":197,"column":4},"end":{"line":208,"column":5}},"type":"if","locations":[{"start":{"line":197,"column":4},"end":{"line":208,"column":5}},{"start":{"line":201,"column":11},"end":{"line":208,"column":5}}],"line":197},"29":{"loc":{"start":{"line":202,"column":6},"end":{"line":207,"column":7}},"type":"if","locations":[{"start":{"line":202,"column":6},"end":{"line":207,"column":7}},{"start":{"line":205,"column":13},"end":{"line":207,"column":7}}],"line":202}},"s":{"0":1,"1":1,"2":1,"3":1,"4":1,"5":1,"6":1,"7":1,"8":1,"9":0,"10":0,"11":0,"12":0,"13":0,"14":0,"15":0,"16":0,"17":0,"18":0,"19":0,"20":0,"21":0,"22":0,"23":0,"24":0,"25":0,"26":0,"27":0,"28":0,"29":0,"30":0,"31":0,"32":0,"33":0,"34":0,"35":0,"36":0,"37":0,"38":0,"39":0,"40":0,"41":0,"42":0,"43":0,"44":0,"45":0,"46":0,"47":0,"48":0,"49":0,"50":0,"51":0,"52":0,"53":0,"54":0,"55":0,"56":0,"57":0,"58":0,"59":0,"60":0,"61":0,"62":0,"63":0,"64":0,"65":0,"66":0,"67":0,"68":0,"69":0,"70":0,"71":0,"72":0,"73":0,"74":0,"75":0,"76":0,"77":0,"78":0,"79":0,"80":0,"81":0,"82":0,"83":0,"84":0,"85":0,"86":0,"87":0,"88":1,"89":1,"90":1,"91":0,"92":1,"93":1,"94":0,"95":0,"96":0,"97":0,"98":0,"99":0,"100":0,"101":0,"102":0,"103":1},"f":{"0":0,"1":0,"2":0,"3":0,"4":0,"5":0,"6":0,"7":0,"8":0,"9":0,"10":0,"11":0,"12":0,"13":1,"14":0,"15":0,"16":0},"b":{"0":[0,1],"1":[1,1],"2":[0,0],"3":[0,0],"4":[0,0],"5":[0,0],"6":[0,0],"7":[0,0],"8":[0,0],"9":[0,0],"10":[0,0],"11":[0,0],"12":[0,0],"13":[0,0],"14":[0,0],"15":[0],"16":[0],"17":[0,0],"18":[0,0],"19":[0,0],"20":[0],"21":[0],"22":[0,0],"23":[0,0],"24":[0,0],"25":[0,0],"26":[0,0],"27":[1,0],"28":[0,0],"29":[0,0]},"_coverageSchema":"1a1c01bbd47fc00a2c39e90264f33305004495a9","hash":"d02148b1e5689692053e1feda8c1026ef132b6ed"}
}
