TN:
SF:index.js
FN:38,parseJSON
FN:63,emptyDirectory
FN:64,(anonymous_2)
FN:68,(anonymous_3)
FN:75,isJSON
FN:80,generateHTMLFromFile
FN:111,createHTML
FN:117,generateHTMLFromDir
FN:130,(anonymous_8)
FN:157,appendTextInHTML
FN:168,readText
FN:169,(anonymous_11)
FN:177,(anonymous_12)
FN:184,createOutputFolder
FN:195,(anonymous_14)
FN:196,(anonymous_15)
FN:214,successMsg
FNF:17
FNH:1
FNDA:0,parseJSON
FNDA:0,emptyDirectory
FNDA:0,(anonymous_2)
FNDA:0,(anonymous_3)
FNDA:0,isJSON
FNDA:0,generateHTMLFromFile
FNDA:0,createHTML
FNDA:0,generateHTMLFromDir
FNDA:0,(anonymous_8)
FNDA:0,appendTextInHTML
FNDA:0,readText
FNDA:0,(anonymous_11)
FNDA:0,(anonymous_12)
FNDA:1,createOutputFolder
FNDA:0,(anonymous_14)
FNDA:0,(anonymous_15)
FNDA:0,successMsg
DA:3,1
DA:4,1
DA:5,1
DA:6,1
DA:8,1
DA:9,1
DA:14,1
DA:15,1
DA:17,1
DA:18,0
DA:19,0
DA:20,0
DA:21,0
DA:22,0
DA:24,0
DA:26,0
DA:27,0
DA:28,0
DA:29,0
DA:30,0
DA:31,0
DA:34,0
DA:39,0
DA:42,0
DA:43,0
DA:49,0
DA:50,0
DA:51,0
DA:53,0
DA:54,0
DA:56,0
DA:57,0
DA:59,0
DA:64,0
DA:65,0
DA:67,0
DA:68,0
DA:69,0
DA:76,0
DA:77,0
DA:84,0
DA:86,0
DA:87,0
DA:89,0
DA:91,0
DA:92,0
DA:93,0
DA:94,0
DA:95,0
DA:97,0
DA:98,0
DA:99,0
DA:100,0
DA:101,0
DA:102,0
DA:105,0
DA:109,0
DA:112,0
DA:113,0
DA:119,0
DA:120,0
DA:123,0
DA:129,0
DA:130,0
DA:133,0
DA:136,0
DA:137,0
DA:138,0
DA:139,0
DA:140,0
DA:142,0
DA:147,0
DA:151,0
DA:153,0
DA:158,0
DA:160,0
DA:161,0
DA:165,0
DA:169,0
DA:170,0
DA:171,0
DA:174,0
DA:178,0
DA:185,1
DA:186,1
DA:187,1
DA:190,0
DA:194,1
DA:195,1
DA:196,0
DA:197,0
DA:199,0
DA:202,0
DA:204,0
DA:206,0
DA:211,0
DA:215,0
DA:216,0
DA:220,1
LF:99
LH:15
BRDA:17,0,0,0
BRDA:17,0,1,1
BRDA:17,1,0,1
BRDA:17,1,1,1
BRDA:18,2,0,0
BRDA:18,2,1,0
BRDA:24,3,0,0
BRDA:24,3,1,0
BRDA:24,4,0,0
BRDA:24,4,1,0
BRDA:27,5,0,0
BRDA:27,5,1,0
BRDA:29,6,0,0
BRDA:29,6,1,0
BRDA:44,7,0,0
BRDA:44,7,1,0
BRDA:45,8,0,0
BRDA:45,8,1,0
BRDA:49,9,0,0
BRDA:49,9,1,0
BRDA:49,10,0,0
BRDA:49,10,1,0
BRDA:56,11,0,0
BRDA:56,11,1,0
BRDA:65,12,0,0
BRDA:65,12,1,0
BRDA:69,13,0,0
BRDA:69,13,1,0
BRDA:76,14,0,0
BRDA:76,14,1,0
BRDA:81,15,0,0
BRDA:82,16,0,0
BRDA:87,17,0,0
BRDA:87,17,1,0
BRDA:92,18,0,0
BRDA:92,18,1,0
BRDA:98,19,0,0
BRDA:98,19,1,0
BRDA:117,20,0,0
BRDA:117,21,0,0
BRDA:119,22,0,0
BRDA:119,22,1,0
BRDA:133,23,0,0
BRDA:133,23,1,0
BRDA:137,24,0,0
BRDA:137,24,1,0
BRDA:170,25,0,0
BRDA:170,25,1,0
BRDA:178,26,0,0
BRDA:178,26,1,0
BRDA:186,27,0,1
BRDA:186,27,1,0
BRDA:197,28,0,0
BRDA:197,28,1,0
BRDA:202,29,0,0
BRDA:202,29,1,0
BRF:56
BRH:4
end_of_record
